TN:
SF:script.js
FN:9,(anonymous_0)
FN:16,(anonymous_1)
FN:20,(anonymous_2)
FN:28,(anonymous_3)
FN:33,(anonymous_4)
FN:36,(anonymous_5)
FN:48,(anonymous_6)
FN:51,(anonymous_7)
FN:55,(anonymous_8)
FN:60,(anonymous_9)
FN:65,(anonymous_10)
FN:74,(anonymous_11)
FN:80,(anonymous_12)
FN:84,(anonymous_13)
FN:85,(anonymous_14)
FN:91,(anonymous_15)
FN:97,(anonymous_16)
FN:98,(anonymous_17)
FN:137,(anonymous_18)
FN:140,(anonymous_19)
FN:144,(anonymous_20)
FN:180,(anonymous_21)
FN:188,(anonymous_22)
FN:198,(anonymous_23)
FN:248,(anonymous_24)
FN:308,(anonymous_25)
FN:323,(anonymous_26)
FN:342,(anonymous_27)
FN:382,(anonymous_28)
FN:384,(anonymous_29)
FN:387,(anonymous_30)
FN:390,(anonymous_31)
FN:393,(anonymous_32)
FN:398,(anonymous_33)
FN:401,(anonymous_34)
FN:405,(anonymous_35)
FN:410,(anonymous_36)
FN:415,(anonymous_37)
FN:423,(anonymous_38)
FN:428,(anonymous_39)
FN:436,(anonymous_40)
FN:440,(anonymous_41)
FN:443,(anonymous_42)
FN:454,(anonymous_43)
FN:473,(anonymous_44)
FN:477,(anonymous_45)
FN:505,(anonymous_46)
FN:529,(anonymous_47)
FN:538,(anonymous_48)
FN:548,(anonymous_49)
FN:556,(anonymous_50)
FN:563,(anonymous_51)
FN:594,(anonymous_52)
FN:600,(anonymous_53)
FN:602,(anonymous_54)
FN:609,(anonymous_55)
FN:612,(anonymous_56)
FN:615,(anonymous_57)
FN:621,(anonymous_58)
FN:625,(anonymous_59)
FN:643,(anonymous_60)
FN:645,(anonymous_61)
FN:663,(anonymous_62)
FN:670,(anonymous_63)
FN:675,(anonymous_64)
FN:678,(anonymous_65)
FN:683,(anonymous_66)
FN:686,(anonymous_67)
FN:695,(anonymous_68)
FNF:69
FNH:62
FNDA:35,(anonymous_0)
FNDA:49,(anonymous_1)
FNDA:11,(anonymous_2)
FNDA:18,(anonymous_3)
FNDA:28,(anonymous_4)
FNDA:17,(anonymous_5)
FNDA:14,(anonymous_6)
FNDA:10,(anonymous_7)
FNDA:3,(anonymous_8)
FNDA:54,(anonymous_9)
FNDA:36,(anonymous_10)
FNDA:1,(anonymous_11)
FNDA:21,(anonymous_12)
FNDA:36,(anonymous_13)
FNDA:32,(anonymous_14)
FNDA:10,(anonymous_15)
FNDA:26,(anonymous_16)
FNDA:26,(anonymous_17)
FNDA:10,(anonymous_18)
FNDA:20,(anonymous_19)
FNDA:10,(anonymous_20)
FNDA:14,(anonymous_21)
FNDA:8,(anonymous_22)
FNDA:4,(anonymous_23)
FNDA:16,(anonymous_24)
FNDA:4,(anonymous_25)
FNDA:1,(anonymous_26)
FNDA:6,(anonymous_27)
FNDA:6,(anonymous_28)
FNDA:7,(anonymous_29)
FNDA:0,(anonymous_30)
FNDA:0,(anonymous_31)
FNDA:0,(anonymous_32)
FNDA:2,(anonymous_33)
FNDA:1,(anonymous_34)
FNDA:0,(anonymous_35)
FNDA:0,(anonymous_36)
FNDA:2,(anonymous_37)
FNDA:3,(anonymous_38)
FNDA:1,(anonymous_39)
FNDA:1,(anonymous_40)
FNDA:1,(anonymous_41)
FNDA:6,(anonymous_42)
FNDA:2,(anonymous_43)
FNDA:1,(anonymous_44)
FNDA:3,(anonymous_45)
FNDA:7,(anonymous_46)
FNDA:1,(anonymous_47)
FNDA:2,(anonymous_48)
FNDA:2,(anonymous_49)
FNDA:3,(anonymous_50)
FNDA:4,(anonymous_51)
FNDA:1,(anonymous_52)
FNDA:2,(anonymous_53)
FNDA:4,(anonymous_54)
FNDA:1,(anonymous_55)
FNDA:0,(anonymous_56)
FNDA:1,(anonymous_57)
FNDA:7,(anonymous_58)
FNDA:10,(anonymous_59)
FNDA:2,(anonymous_60)
FNDA:4,(anonymous_61)
FNDA:2,(anonymous_62)
FNDA:4,(anonymous_63)
FNDA:7,(anonymous_64)
FNDA:13,(anonymous_65)
FNDA:6,(anonymous_66)
FNDA:1,(anonymous_67)
FNDA:0,(anonymous_68)
DA:10,35
DA:11,35
DA:13,35
DA:17,49
DA:21,11
DA:29,18
DA:30,18
DA:34,28
DA:35,28
DA:36,17
DA:40,28
DA:41,28
DA:42,28
DA:43,16
DA:44,16
DA:45,14
DA:46,14
DA:48,28
DA:52,10
DA:56,3
DA:57,2
DA:61,54
DA:62,54
DA:66,36
DA:67,3
DA:69,33
DA:70,33
DA:71,33
DA:75,1
DA:76,1
DA:81,21
DA:85,36
DA:86,32
DA:92,10
DA:93,1
DA:97,26
DA:98,26
DA:101,9
DA:102,1
DA:104,8
DA:105,1
DA:109,7
DA:110,0
DA:112,7
DA:113,1
DA:117,6
DA:118,6
DA:120,6
DA:121,15
DA:122,15
DA:124,15
DA:125,5
DA:126,5
DA:130,6
DA:131,1
DA:134,5
DA:138,10
DA:139,10
DA:140,20
DA:141,10
DA:145,10
DA:147,7
DA:148,7
DA:149,7
DA:150,7
DA:151,7
DA:153,7
DA:155,18
DA:156,18
DA:157,18
DA:161,18
DA:162,18
DA:163,25
DA:164,25
DA:166,25
DA:167,11
DA:168,11
DA:170,14
DA:171,0
DA:172,0
DA:175,18
DA:178,7
DA:180,14
DA:189,8
DA:190,8
DA:191,8
DA:192,8
DA:193,8
DA:194,8
DA:195,8
DA:199,4
DA:200,4
DA:203,4
DA:204,4
DA:205,4
DA:206,4
DA:207,4
DA:208,4
DA:210,4
DA:211,4
DA:215,4
DA:216,1
DA:217,1
DA:218,1
DA:220,1
DA:223,3
DA:224,3
DA:228,4
DA:229,4
DA:230,1
DA:237,3
DA:245,4
DA:246,4
DA:248,4
DA:249,16
DA:250,16
DA:251,12
DA:254,12
DA:256,3
DA:257,1
DA:258,1
DA:259,1
DA:261,1
DA:262,1
DA:265,3
DA:266,1
DA:267,1
DA:268,1
DA:269,1
DA:270,1
DA:274,3
DA:275,1
DA:276,1
DA:277,1
DA:278,1
DA:280,1
DA:281,1
DA:286,4
DA:289,4
DA:290,1
DA:292,1
DA:293,1
DA:298,1
DA:299,1
DA:302,1
DA:305,3
DA:308,4
DA:309,4
DA:310,4
DA:313,4
DA:314,1
DA:317,4
DA:324,1
DA:325,1
DA:327,1
DA:328,1
DA:329,1
DA:331,1
DA:332,1
DA:334,1
DA:335,1
DA:336,1
DA:343,6
DA:344,6
DA:346,6
DA:349,6
DA:350,6
DA:351,6
DA:352,6
DA:353,6
DA:354,6
DA:355,6
DA:356,6
DA:357,6
DA:358,6
DA:361,6
DA:362,6
DA:363,6
DA:364,6
DA:367,6
DA:368,6
DA:369,6
DA:370,6
DA:372,6
DA:375,6
DA:376,6
DA:378,6
DA:379,6
DA:384,7
DA:387,6
DA:388,0
DA:390,6
DA:391,0
DA:393,6
DA:394,0
DA:398,6
DA:401,6
DA:404,6
DA:405,6
DA:409,6
DA:410,6
DA:414,6
DA:415,6
DA:416,2
DA:417,2
DA:418,2
DA:422,6
DA:423,6
DA:427,6
DA:428,6
DA:429,1
DA:430,1
DA:431,1
DA:435,6
DA:436,6
DA:440,6
DA:445,6
DA:446,6
DA:447,6
DA:448,6
DA:450,0
DA:453,6
DA:454,2
DA:455,1
DA:458,6
DA:462,6
DA:463,6
DA:464,6
DA:465,6
DA:466,6
DA:467,0
DA:475,1
DA:476,1
DA:477,3
DA:479,1
DA:480,1
DA:482,1
DA:483,1
DA:484,1
DA:486,0
DA:492,1
DA:493,1
DA:494,1
DA:495,1
DA:499,1
DA:500,1
DA:501,1
DA:506,7
DA:507,7
DA:508,7
DA:510,7
DA:511,1
DA:512,1
DA:515,6
DA:516,6
DA:517,5
DA:518,5
DA:519,5
DA:520,5
DA:521,5
DA:522,5
DA:523,5
DA:525,1
DA:530,1
DA:531,1
DA:532,1
DA:533,1
DA:534,1
DA:539,2
DA:541,2
DA:544,2
DA:545,2
DA:548,2
DA:549,2
DA:552,0
DA:557,3
DA:558,3
DA:560,2
DA:561,2
DA:563,2
DA:564,4
DA:565,4
DA:567,4
DA:568,4
DA:569,4
DA:570,3
DA:571,3
DA:574,4
DA:575,4
DA:576,3
DA:577,3
DA:579,3
DA:580,3
DA:581,2
DA:588,2
DA:589,1
DA:590,1
DA:591,1
DA:592,1
DA:593,1
DA:594,1
DA:596,1
DA:601,2
DA:602,2
DA:603,4
DA:604,4
DA:605,4
DA:608,2
DA:609,2
DA:610,1
DA:611,1
DA:612,1
DA:613,0
DA:616,1
DA:617,1
DA:622,7
DA:623,7
DA:625,7
DA:626,10
DA:627,10
DA:629,10
DA:631,10
DA:639,10
DA:644,2
DA:645,2
DA:646,4
DA:647,4
DA:648,4
DA:653,4
DA:656,2
DA:657,2
DA:658,2
DA:660,2
DA:664,2
DA:665,2
DA:666,2
DA:667,2
DA:671,4
DA:672,4
DA:673,4
DA:674,4
DA:675,7
DA:679,13
DA:680,13
DA:684,6
DA:685,6
DA:686,6
DA:687,1
DA:694,2
DA:695,2
DA:696,0
DA:697,0
DA:698,0
DA:703,2
DA:704,2
LF:355
LH:341
BRDA:13,0,0,31
BRDA:13,0,1,4
BRDA:13,1,0,35
BRDA:13,1,1,31
BRDA:30,2,0,18
BRDA:30,2,1,18
BRDA:34,3,0,28
BRDA:34,3,1,0
BRDA:36,4,0,17
BRDA:36,4,1,0
BRDA:44,5,0,2
BRDA:44,5,1,14
BRDA:56,6,0,1
BRDA:56,6,1,2
BRDA:56,7,0,3
BRDA:56,7,1,3
BRDA:61,8,0,0
BRDA:61,8,1,54
BRDA:66,9,0,3
BRDA:66,9,1,33
BRDA:75,10,0,1
BRDA:75,10,1,0
BRDA:75,11,0,1
BRDA:75,11,1,1
BRDA:86,12,0,32
BRDA:86,12,1,3
BRDA:92,13,0,1
BRDA:92,13,1,9
BRDA:101,14,0,1
BRDA:101,14,1,8
BRDA:104,15,0,1
BRDA:104,15,1,7
BRDA:109,16,0,0
BRDA:109,16,1,7
BRDA:109,17,0,7
BRDA:109,17,1,3
BRDA:112,18,0,1
BRDA:112,18,1,6
BRDA:112,19,0,7
BRDA:112,19,1,7
BRDA:124,20,0,5
BRDA:124,20,1,10
BRDA:124,21,0,15
BRDA:124,21,1,5
BRDA:130,22,0,1
BRDA:130,22,1,5
BRDA:138,23,0,0
BRDA:138,23,1,10
BRDA:139,24,0,0
BRDA:139,24,1,10
BRDA:145,25,0,3
BRDA:145,25,1,7
BRDA:153,26,0,25
BRDA:153,26,1,18
BRDA:166,27,0,11
BRDA:166,27,1,14
BRDA:166,28,0,25
BRDA:166,28,1,11
BRDA:170,29,0,0
BRDA:170,29,1,14
BRDA:178,30,0,0
BRDA:178,30,1,7
BRDA:204,31,0,4
BRDA:204,31,1,0
BRDA:206,32,0,4
BRDA:206,32,1,0
BRDA:210,33,0,4
BRDA:210,33,1,0
BRDA:211,34,0,4
BRDA:211,34,1,0
BRDA:215,35,0,1
BRDA:215,35,1,3
BRDA:217,36,0,1
BRDA:217,36,1,0
BRDA:220,37,0,1
BRDA:220,37,1,0
BRDA:223,38,0,3
BRDA:223,38,1,0
BRDA:229,39,0,1
BRDA:229,39,1,3
BRDA:250,40,0,12
BRDA:250,40,1,4
BRDA:254,41,0,3
BRDA:254,41,1,9
BRDA:256,42,0,1
BRDA:256,42,1,2
BRDA:257,43,0,1
BRDA:257,43,1,0
BRDA:261,44,0,1
BRDA:261,44,1,0
BRDA:262,45,0,1
BRDA:262,45,1,0
BRDA:265,46,0,1
BRDA:265,46,1,2
BRDA:266,47,0,1
BRDA:266,47,1,0
BRDA:268,48,0,1
BRDA:268,48,1,0
BRDA:274,49,0,1
BRDA:274,49,1,2
BRDA:276,50,0,1
BRDA:276,50,1,0
BRDA:281,51,0,1
BRDA:281,51,1,0
BRDA:289,52,0,1
BRDA:289,52,1,3
BRDA:290,53,0,1
BRDA:290,53,1,0
BRDA:293,54,0,1
BRDA:293,54,1,0
BRDA:298,55,0,1
BRDA:298,55,1,0
BRDA:313,56,0,1
BRDA:313,56,1,3
BRDA:317,57,0,4
BRDA:317,57,1,0
BRDA:327,58,0,1
BRDA:327,58,1,0
BRDA:331,59,0,1
BRDA:331,59,1,0
BRDA:334,60,0,1
BRDA:334,60,1,0
BRDA:335,61,0,1
BRDA:335,61,1,0
BRDA:388,62,0,0
BRDA:388,62,1,0
BRDA:391,63,0,0
BRDA:391,63,1,0
BRDA:394,64,0,0
BRDA:394,64,1,0
BRDA:404,65,0,6
BRDA:404,65,1,0
BRDA:409,66,0,6
BRDA:409,66,1,0
BRDA:414,67,0,6
BRDA:414,67,1,0
BRDA:417,68,0,2
BRDA:417,68,1,0
BRDA:422,69,0,6
BRDA:422,69,1,0
BRDA:427,70,0,6
BRDA:427,70,1,0
BRDA:430,71,0,1
BRDA:430,71,1,0
BRDA:430,72,0,1
BRDA:430,72,1,1
BRDA:435,73,0,6
BRDA:435,73,1,0
BRDA:445,74,0,6
BRDA:445,74,1,0
BRDA:453,75,0,1
BRDA:453,75,1,5
BRDA:463,76,0,6
BRDA:463,76,1,0
BRDA:466,77,0,0
BRDA:466,77,1,6
BRDA:475,78,0,1
BRDA:475,78,1,0
BRDA:476,79,0,1
BRDA:476,79,1,0
BRDA:483,80,0,1
BRDA:483,80,1,0
BRDA:493,81,0,1
BRDA:493,81,1,0
BRDA:500,82,0,1
BRDA:500,82,1,0
BRDA:510,83,0,1
BRDA:510,83,1,6
BRDA:510,84,0,7
BRDA:510,84,1,6
BRDA:533,85,0,1
BRDA:533,85,1,0
BRDA:545,86,0,2
BRDA:545,86,1,0
BRDA:558,87,0,1
BRDA:558,87,1,2
BRDA:565,88,0,0
BRDA:565,88,1,4
BRDA:569,89,0,3
BRDA:569,89,1,1
BRDA:575,90,0,3
BRDA:575,90,1,1
BRDA:588,91,0,1
BRDA:588,91,1,1
BRDA:694,92,0,2
BRDA:694,92,1,0
BRDA:703,93,0,2
BRDA:703,93,1,0
BRDA:703,94,0,2
BRDA:703,94,1,2
BRF:190
BRH:132
end_of_record
